[debug] [2020-06-12T17:23:16.178Z] ----------------------------------------------------------------------
[debug] [2020-06-12T17:23:16.179Z] Command:       /usr/local/bin/firebase /Users/viraajreddi/.cache/firebase/tools/lib/node_modules/firebase-tools/lib/bin/firebase init
[debug] [2020-06-12T17:23:16.180Z] CLI Version:   8.4.2
[debug] [2020-06-12T17:23:16.180Z] Platform:      darwin
[debug] [2020-06-12T17:23:16.180Z] Node Version:  v12.16.1
[debug] [2020-06-12T17:23:16.181Z] Time:          Fri Jun 12 2020 10:23:16 GMT-0700 (Pacific Daylight Time)
[debug] [2020-06-12T17:23:16.181Z] ----------------------------------------------------------------------
[debug] [2020-06-12T17:23:16.181Z] 
[debug] [2020-06-12T17:23:16.190Z] > command requires scopes: ["email","openid","https://www.googleapis.com/auth/cloudplatformprojects.readonly","https://www.googleapis.com/auth/firebase","https://www.googleapis.com/auth/cloud-platform"]
[debug] [2020-06-12T17:23:16.190Z] > authorizing via signed-in user
[info] 
     ######## #### ########  ######## ########     ###     ######  ########
     ##        ##  ##     ## ##       ##     ##  ##   ##  ##       ##
     ######    ##  ########  ######   ########  #########  ######  ######
     ##        ##  ##    ##  ##       ##     ## ##     ##       ## ##
     ##       #### ##     ## ######## ########  ##     ##  ######  ########

You're about to initialize a Firebase project in this directory:

  /Users/viraajreddi

Before we get started, keep in mind:

  * You are initializing in an existing Firebase project directory

[debug] [2020-06-12T17:25:02.140Z] TypeError: Cannot read property 'setRawMode' of null
    at ReadStream.setRawMode (tty.js:75:28)
    at Interface._setRawMode (readline.js:283:16)
    at Interface.close (readline.js:406:10)
    at ReadStream.ontermend (readline.js:194:10)
    at ReadStream.emit (events.js:323:22)
    at ReadStream.EventEmitter.emit (domain.js:482:12)
    at endReadableNT (_stream_readable.js:1204:12)
    at processTicksAndRejections (internal/process/task_queues.js:84:21)
